0 info it worked if it ends with ok
1 verbose cli [ '/usr/local/bin/node', '/usr/local/bin/npm', 'start' ]
2 info using npm@3.6.0
3 info using node@v5.6.0
4 verbose run-script [ 'prestart', 'start', 'poststart' ]
5 info lifecycle stormpath-express-sample@0.0.0~prestart: stormpath-express-sample@0.0.0
6 silly lifecycle stormpath-express-sample@0.0.0~prestart: no script for prestart, continuing
7 info lifecycle stormpath-express-sample@0.0.0~start: stormpath-express-sample@0.0.0
8 verbose lifecycle stormpath-express-sample@0.0.0~start: unsafe-perm in lifecycle true
9 verbose lifecycle stormpath-express-sample@0.0.0~start: PATH: /usr/local/lib/node_modules/npm/bin/node-gyp-bin:/home/ec2-user/spl/splain/node_modules/.bin:/usr/local/bin:/bin:/usr/bin:/usr/local/sbin:/usr/sbin:/sbin:/opt/aws/bin:/home/ec2-user/.local/bin:/home/ec2-user/bin
10 verbose lifecycle stormpath-express-sample@0.0.0~start: CWD: /home/ec2-user/spl/splain
11 silly lifecycle stormpath-express-sample@0.0.0~start: Args: [ '-c', 'node ./bin/www' ]
12 silly lifecycle stormpath-express-sample@0.0.0~start: Returned: code: 1  signal: null
13 info lifecycle stormpath-express-sample@0.0.0~start: Failed to exec start script
14 verbose stack Error: stormpath-express-sample@0.0.0 start: `node ./bin/www`
14 verbose stack Exit status 1
14 verbose stack     at EventEmitter.<anonymous> (/usr/local/lib/node_modules/npm/lib/utils/lifecycle.js:232:16)
14 verbose stack     at emitTwo (events.js:100:13)
14 verbose stack     at EventEmitter.emit (events.js:185:7)
14 verbose stack     at ChildProcess.<anonymous> (/usr/local/lib/node_modules/npm/lib/utils/spawn.js:24:14)
14 verbose stack     at emitTwo (events.js:100:13)
14 verbose stack     at ChildProcess.emit (events.js:185:7)
14 verbose stack     at maybeClose (internal/child_process.js:827:16)
14 verbose stack     at Process.ChildProcess._handle.onexit (internal/child_process.js:211:5)
15 verbose pkgid stormpath-express-sample@0.0.0
16 verbose cwd /home/ec2-user/spl/splain/views
17 error Linux 4.1.10-17.31.amzn1.x86_64
18 error argv "/usr/local/bin/node" "/usr/local/bin/npm" "start"
19 error node v5.6.0
20 error npm  v3.6.0
21 error code ELIFECYCLE
22 error stormpath-express-sample@0.0.0 start: `node ./bin/www`
22 error Exit status 1
23 error Failed at the stormpath-express-sample@0.0.0 start script 'node ./bin/www'.
23 error Make sure you have the latest version of node.js and npm installed.
23 error If you do, this is most likely a problem with the stormpath-express-sample package,
23 error not with npm itself.
23 error Tell the author that this fails on your system:
23 error     node ./bin/www
23 error You can get information on how to open an issue for this project with:
23 error     npm bugs stormpath-express-sample
23 error Or if that isn't available, you can get their info via:
23 error     npm owner ls stormpath-express-sample
23 error There is likely additional logging output above.
24 verbose exit [ 1, true ]
